#
# There is insufficient memory for the Java Runtime Environment to continue.
# Native memory allocation (malloc) failed to allocate 1048576 bytes for AllocateHeap
# Possible reasons:
#   The system is out of physical RAM or swap space
#   The process is running with CompressedOops enabled, and the Java Heap may be blocking the growth of the native heap
# Possible solutions:
#   Reduce memory load on the system
#   Increase physical memory or swap space
#   Check if swap backing store is full
#   Decrease Java heap size (-Xmx/-Xms)
#   Decrease number of Java threads
#   Decrease Java thread stack sizes (-Xss)
#   Set larger code cache with -XX:ReservedCodeCacheSize=
#   JVM is running with Zero Based Compressed Oops mode in which the Java heap is
#     placed in the first 32GB address space. The Java Heap base address is the
#     maximum limit for the native heap growth. Please use -XX:HeapBaseMinAddress
#     to set the Java Heap base and to place the Java Heap above 32GB virtual address.
# This output file may be truncated or incomplete.
#
#  Out of Memory Error (memory/allocation.inline.hpp:61), pid=31520, tid=0x000000000000811c
#
# JRE version:  (8.0_261-b12) (build )
# Java VM: Java HotSpot(TM) 64-Bit Server VM (25.261-b12 mixed mode windows-amd64 compressed oops)
# Failed to write core dump. Minidumps are not enabled by default on client versions of Windows
#

---------------  T H R E A D  ---------------

Current thread (0x0000021b01f13800):  JavaThread "Unknown thread" [_thread_in_vm, id=33052, stack(0x0000007baf700000,0x0000007baf800000)]

Stack: [0x0000007baf700000,0x0000007baf800000]
Native frames: (J=compiled Java code, j=interpreted, Vv=VM code, C=native code)
V  [jvm.dll+0x33e5f9]
V  [jvm.dll+0x2850e2]
V  [jvm.dll+0x285d8d]
V  [jvm.dll+0x27c895]
V  [jvm.dll+0x1565d]
V  [jvm.dll+0x3d87f8]
V  [jvm.dll+0x3d94ea]
V  [jvm.dll+0x3d5557]
V  [jvm.dll+0x10c61f]
V  [jvm.dll+0x21a00b]
V  [jvm.dll+0x248687]
V  [jvm.dll+0x172116]
C  [javaw.exe+0x2322]
C  [javaw.exe+0x16564]
C  [KERNEL32.DLL+0x17bd4]
C  [ntdll.dll+0x6ce51]


---------------  P R O C E S S  ---------------

Java Threads: ( => current thread )

Other Threads:

=>0x0000021b01f13800 (exited) JavaThread "Unknown thread" [_thread_in_vm, id=33052, stack(0x0000007baf700000,0x0000007baf800000)]

VM state:not at safepoint (normal execution)

VM Mutex/Monitor currently owned by a thread: None

heap address: 0x00000006ca200000, size: 3934 MB, Compressed Oops mode: Zero based, Oop shift amount: 3
Narrow klass base: 0x0000000000000000, Narrow klass shift: 3
Compressed class space size: 1073741824 Address: 0x00000007c0000000

Heap:
 PSYoungGen      total 73728K, used 1269K [0x000000076e100000, 0x0000000773300000, 0x00000007c0000000)
  eden space 63488K, 2% used [0x000000076e100000,0x000000076e23d718,0x0000000771f00000)
  from space 10240K, 0% used [0x0000000772900000,0x0000000772900000,0x0000000773300000)
  to   space 10240K, 0% used [0x0000000771f00000,0x0000000771f00000,0x0000000772900000)
 ParOldGen       total 167936K, used 0K [0x00000006ca200000, 0x00000006d4600000, 0x000000076e100000)
  object space 167936K, 0% used [0x00000006ca200000,0x00000006ca200000,0x00000006d4600000)
 Metaspace       used 752K, capacity 4480K, committed 4480K, reserved 1056768K
  class space    used 76K, capacity 384K, committed 384K, reserved 1048576K

Card table byte_map: [0x0000021b12c90000,0x0000021b13440000] byte_map_base: 0x0000021b0f63f000

Marking Bits: (ParMarkBitMap*) 0x0000000061e04fb0
 Begin Bits: [0x0000021b13960000, 0x0000021b176d8000)
 End Bits:   [0x0000021b176d8000, 0x0000021b1b450000)

Polling page: 0x0000021b01eb0000

CodeCache: size=245760Kb used=327Kb max_used=327Kb free=245432Kb
 bounds [0x0000021b038d0000, 0x0000021b03b40000, 0x0000021b128d0000]
 total_blobs=57 nmethods=0 adapters=38
 compilation: enabled

Compilation events (0 events):
No events

GC Heap History (0 events):
No events

Deoptimization events (0 events):
No events

Classes redefined (0 events):
No events

Internal exceptions (0 events):
No events

Events (10 events):
Event: 0.017 loading class java/lang/Short
Event: 0.017 loading class java/lang/Short done
Event: 0.017 loading class java/lang/Integer
Event: 0.018 loading class java/lang/Integer done
Event: 0.018 loading class java/lang/Long
Event: 0.018 loading class java/lang/Long done
Event: 0.018 loading class java/lang/NullPointerException
Event: 0.018 loading class java/lang/NullPointerException done
Event: 0.018 loading class java/lang/ArithmeticException
Event: 0.018 loading class java/lang/ArithmeticException done


Dynamic libraries:
0x00007ff75cb90000 - 0x00007ff75cbd7000 	C:\Program Files\Java\jre1.8.0_261\bin\javaw.exe
0x00007ff8e8720000 - 0x00007ff8e8910000 	C:\windows\SYSTEM32\ntdll.dll
0x00007ff8e76a0000 - 0x00007ff8e7752000 	C:\windows\System32\KERNEL32.DLL
0x00007ff8e6500000 - 0x00007ff8e67a5000 	C:\windows\System32\KERNELBASE.dll
0x00007ff8e7270000 - 0x00007ff8e7313000 	C:\windows\System32\ADVAPI32.dll
0x00007ff8e7760000 - 0x00007ff8e77fe000 	C:\windows\System32\msvcrt.dll
0x00007ff8e6c40000 - 0x00007ff8e6cd7000 	C:\windows\System32\sechost.dll
0x00007ff8e7320000 - 0x00007ff8e7440000 	C:\windows\System32\RPCRT4.dll
0x00007ff8e6db0000 - 0x00007ff8e6f45000 	C:\windows\System32\USER32.dll
0x00007ff8e6140000 - 0x00007ff8e6161000 	C:\windows\System32\win32u.dll
0x00007ff8e6f50000 - 0x00007ff8e6f76000 	C:\windows\System32\GDI32.dll
0x00007ff8e5f20000 - 0x00007ff8e60b6000 	C:\windows\System32\gdi32full.dll
0x00007ff8e5700000 - 0x00007ff8e579e000 	C:\windows\System32\msvcp_win.dll
0x00007ff8e6250000 - 0x00007ff8e634a000 	C:\windows\System32\ucrtbase.dll
0x00007ff8d15e0000 - 0x00007ff8d1864000 	C:\windows\WinSxS\amd64_microsoft.windows.common-controls_6595b64144ccf1df_6.0.18362.1082_none_9e8193e1e45b25c1\COMCTL32.dll
0x00007ff8e83a0000 - 0x00007ff8e86d5000 	C:\windows\System32\combase.dll
0x00007ff8e60c0000 - 0x00007ff8e6140000 	C:\windows\System32\bcryptPrimitives.dll
0x00007ff8e71c0000 - 0x00007ff8e71ee000 	C:\windows\System32\IMM32.DLL
0x00007ff8e2b80000 - 0x00007ff8e2b95000 	C:\Program Files\Java\jre1.8.0_261\bin\vcruntime140.dll
0x00007ff8cc4b0000 - 0x00007ff8cc54b000 	C:\Program Files\Java\jre1.8.0_261\bin\msvcp140.dll
0x0000000061610000 - 0x0000000061e7c000 	C:\Program Files\Java\jre1.8.0_261\bin\server\jvm.dll
0x00007ff8e6f80000 - 0x00007ff8e6f88000 	C:\windows\System32\PSAPI.DLL
0x00007ff8c66a0000 - 0x00007ff8c66a9000 	C:\windows\SYSTEM32\WSOCK32.dll
0x00007ff8e3520000 - 0x00007ff8e3544000 	C:\windows\SYSTEM32\WINMM.dll
0x00007ff8e82d0000 - 0x00007ff8e833f000 	C:\windows\System32\WS2_32.dll
0x00007ff8e46d0000 - 0x00007ff8e46da000 	C:\windows\SYSTEM32\VERSION.dll
0x00007ff8e34f0000 - 0x00007ff8e351d000 	C:\windows\SYSTEM32\winmmbase.dll
0x00007ff8e56b0000 - 0x00007ff8e56fa000 	C:\windows\System32\cfgmgr32.dll
0x00007ff8e55f0000 - 0x00007ff8e5601000 	C:\windows\System32\kernel.appcore.dll
0x00007ff8e0150000 - 0x00007ff8e0160000 	C:\Program Files\Java\jre1.8.0_261\bin\verify.dll
0x00007ff8cc740000 - 0x00007ff8cc76b000 	C:\Program Files\Java\jre1.8.0_261\bin\java.dll
0x00007ff8de1a0000 - 0x00007ff8de1b8000 	C:\Program Files\Java\jre1.8.0_261\bin\zip.dll
0x00007ff8d05e0000 - 0x00007ff8d07d4000 	C:\windows\SYSTEM32\dbghelp.dll

VM Arguments:
jvm_args: -Dfile.encoding=Cp1252 
java_command: Arvauspeli
java_class_path (initial): C:\Users\suvik\eclipse-workspace\arvauspelitehtävä\bin
Launcher Type: SUN_STANDARD

Environment Variables:
PATH=C:/Program Files/Java/jre1.8.0_261/bin/server;C:/Program Files/Java/jre1.8.0_261/bin;C:/Program Files/Java/jre1.8.0_261/lib/amd64;C:\Program Files (x86)\Common Files\Oracle\Java\javapath;C:\windows\system32;C:\windows;C:\windows\System32\Wbem;C:\windows\System32\WindowsPowerShell\v1.0\;C:\windows\System32\OpenSSH\;C:\Program Files (x86)\NVIDIA Corporation\PhysX\Common;C:\Program Files\NVIDIA Corporation\NVIDIA NvDLISR;C:\Users\suvik\AppData\Local\Microsoft\WindowsApps;;C:\Users\suvik\OneDrive\Työpöytä;
USERNAME=suvik
OS=Windows_NT
PROCESSOR_IDENTIFIER=AMD64 Family 23 Model 96 Stepping 1, AuthenticAMD



---------------  S Y S T E M  ---------------

OS: Windows 10.0 , 64 bit Build 18362 (10.0.18362.1082)

CPU:total 12 (initial active 12) (12 cores per cpu, 1 threads per core) family 23 model 96 stepping 1, cmov, cx8, fxsr, mmx, sse, sse2, sse3, ssse3, sse4.1, sse4.2, popcnt, avx, avx2, aes, clmul, mmxext, 3dnowpref, lzcnt, sse4a, tsc, tscinvbit, tscinv, bmi1

Memory: 4k page, physical 16110792k(8580608k free), swap 66442440k(5336k free)

vm_info: Java HotSpot(TM) 64-Bit Server VM (25.261-b12) for windows-amd64 JRE (1.8.0_261-b12), built on Jun 18 2020 06:56:32 by "" with unknown MS VC++:1916

time: Sat Sep 12 17:47:47 2020
timezone: Suomen kesäaika
elapsed time: 0 seconds (0d 0h 0m 0s)

